<?xml version="1.0" encoding="UTF-8"?>
<!-- Generated by org.testng.reporters.JUnitXMLReporter -->
<testsuite ignored="2" hostname="NSL-MPARTIDAs-MacBook-Pro.local" failures="0" tests="1" name="Default test" time="4.507" errors="0" timestamp="2020-11-16T20:50:56 CST">
  <testcase classname="ChallengeWizeline.tests.LoginPageTests" name="validLoginTest" time="1.931"/>
  <testcase classname="ChallengeWizeline.tests.LoginPageTests" name="LoginInvalidUser" time="0.0">
    <ignored/>
  </testcase> <!-- LoginInvalidUser -->
  <testcase classname="ChallengeWizeline.tests.LoginPageTests" name="LoginAndLogOut" time="0.0">
    <ignored/>
  </testcase> <!-- LoginAndLogOut -->
</testsuite> <!-- Default test -->
