<?xml version="1.0" encoding="UTF-8"?>
<testng-results ignored="2" total="3" passed="1" failed="0" skipped="0">
  <reporter-output>
  </reporter-output>
  <suite started-at="2020-11-16T20:50:51 CST" name="Default suite" finished-at="2020-11-16T20:50:55 CST" duration-ms="4507">
    <groups>
    </groups>
    <test started-at="2020-11-16T20:50:51 CST" name="Default test" finished-at="2020-11-16T20:50:55 CST" duration-ms="4507">
      <class name="ChallengeWizeline.tests.LoginPageTests">
        <test-method is-config="true" signature="setUpTestCase()[pri:0, instance:ChallengeWizeline.tests.LoginPageTests@10aa41f2]" started-at="2020-11-16T20:50:51 CST" name="setUpTestCase" finished-at="2020-11-16T20:50:53 CST" duration-ms="2455" status="PASS">
          <reporter-output>
          </reporter-output>
        </test-method> <!-- setUpTestCase -->
        <test-method signature="validLoginTest()[pri:0, instance:ChallengeWizeline.tests.LoginPageTests@10aa41f2]" started-at="2020-11-16T20:50:53 CST" name="validLoginTest" finished-at="2020-11-16T20:50:55 CST" duration-ms="1931" status="PASS">
          <reporter-output>
          </reporter-output>
        </test-method> <!-- validLoginTest -->
        <test-method is-config="true" signature="quiteDriver()[pri:0, instance:ChallengeWizeline.tests.LoginPageTests@10aa41f2]" started-at="2020-11-16T20:50:55 CST" name="quiteDriver" finished-at="2020-11-16T20:50:55 CST" duration-ms="95" status="PASS">
          <reporter-output>
          </reporter-output>
        </test-method> <!-- quiteDriver -->
      </class> <!-- ChallengeWizeline.tests.LoginPageTests -->
    </test> <!-- Default test -->
  </suite> <!-- Default suite -->
</testng-results>
